<?xml version="1.0" encoding="UTF-8"?>
<!-- Generated by org.testng.reporters.JUnitXMLReporter -->
<testsuite ignored="0" hostname="LTIN277629" failures="0" tests="17" name="Test" time="193.33" errors="0" timestamp="2024-01-17T17:41:47 IST">
  <testcase classname="TestCase.TC001_beCognizant" name="test1" time="7.119"/>
  <testcase classname="TestCase.TC001_beCognizant" name="test2" time="0.362"/>
  <testcase classname="TestCase.TC001_beCognizant" name="test3" time="0.333"/>
  <testcase classname="TestCase.TC001_beCognizant" name="test4" time="0.13"/>
  <testcase classname="TestCase.TC001_beCognizant" name="test5" time="2.335"/>
  <testcase classname="TestCase.TC002_oneCognizant" name="test6" time="11.557"/>
  <testcase classname="TestCase.TC002_oneCognizant" name="test7" time="5.61"/>
  <testcase classname="TestCase.TC002_oneCognizant" name="test8" time="7.321"/>
  <testcase classname="TestCase.TC002_oneCognizant" name="test9" time="6.984"/>
  <testcase classname="TestCase.TC002_oneCognizant" name="test10" time="55.429"/>
  <testcase classname="TestCase.TC001_beCognizant" name="test12" time="0.319"/>
  <testcase classname="TestCase.TC001_beCognizant" name="test13" time="5.807"/>
  <testcase classname="TestCase.TC001_beCognizant" name="test14" time="5.54"/>
  <testcase classname="TestCase.TC001_beCognizant" name="test15" time="1.07"/>
  <testcase classname="TestCase.TC001_beCognizant" name="test16" time="29.693"/>
  <testcase classname="TestCase.TC001_beCognizant" name="test17" time="0.159"/>
  <testcase classname="TestCase.TC001_beCognizant" name="test18" time="13.077"/>
</testsuite> <!-- Test -->
