<?xml version="1.0" encoding="UTF-8"?>
<!-- Generated by org.testng.reporters.JUnitXMLReporter -->
<testsuite ignored="0" hostname="LTIN277629" failures="0" tests="17" name="Test" time="122.308" errors="0" timestamp="2024-01-17T09:44:17 IST">
  <testcase classname="TestCase.TC001_beCognizant" name="test1" time="8.318"/>
  <testcase classname="TestCase.TC001_beCognizant" name="test2" time="3.429"/>
  <testcase classname="TestCase.TC001_beCognizant" name="test3" time="2.082"/>
  <testcase classname="TestCase.TC001_beCognizant" name="test4" time="2.452"/>
  <testcase classname="TestCase.TC001_beCognizant" name="test5" time="2.681"/>
  <testcase classname="TestCase.TC002_oneCognizant" name="test6" time="12.266"/>
  <testcase classname="TestCase.TC002_oneCognizant" name="test7" time="5.342"/>
  <testcase classname="TestCase.TC002_oneCognizant" name="test8" time="3.306"/>
  <testcase classname="TestCase.TC002_oneCognizant" name="test9" time="6.376"/>
  <testcase classname="TestCase.TC002_oneCognizant" name="test10" time="20.235"/>
  <testcase classname="TestCase.TC001_beCognizant" name="test12" time="0.144"/>
  <testcase classname="TestCase.TC001_beCognizant" name="test13" time="5.711"/>
  <testcase classname="TestCase.TC001_beCognizant" name="test14" time="5.354"/>
  <testcase classname="TestCase.TC001_beCognizant" name="test15" time="0.244"/>
  <testcase classname="TestCase.TC001_beCognizant" name="test16" time="14.364"/>
  <testcase classname="TestCase.TC001_beCognizant" name="test17" time="0.07"/>
  <testcase classname="TestCase.TC001_beCognizant" name="test18" time="8.567"/>
</testsuite> <!-- Test -->
