<?xml version="1.0" encoding="UTF-8"?>
<testng-results ignored="0" total="17" passed="17" failed="0" skipped="0">
  <reporter-output>
  </reporter-output>
  <suite started-at="2024-01-17T09:42:15 IST" name="Suite" finished-at="2024-01-17T09:44:17 IST" duration-ms="122308">
    <groups>
    </groups>
    <test started-at="2024-01-17T09:42:15 IST" name="Test" finished-at="2024-01-17T09:44:17 IST" duration-ms="122308">
      <class name="TestCase.TC002_oneCognizant">
        <test-method is-config="true" signature="setUp()[pri:0, instance:TestCase.TC002_oneCognizant@1165b38]" started-at="2024-01-17T09:42:16 IST" name="setUp" finished-at="2024-01-17T09:42:34 IST" duration-ms="18738" status="PASS">
          <reporter-output>
          </reporter-output>
        </test-method> <!-- setUp -->
        <test-method signature="test1()[pri:1, instance:TestCase.TC002_oneCognizant@1165b38]" started-at="2024-01-17T09:42:35 IST" name="test1" finished-at="2024-01-17T09:42:43 IST" duration-ms="8318" status="PASS">
          <reporter-output>
          </reporter-output>
        </test-method> <!-- test1 -->
        <test-method signature="test2()[pri:2, instance:TestCase.TC002_oneCognizant@1165b38]" started-at="2024-01-17T09:42:43 IST" name="test2" finished-at="2024-01-17T09:42:46 IST" duration-ms="3429" status="PASS">
          <reporter-output>
          </reporter-output>
        </test-method> <!-- test2 -->
        <test-method signature="test3()[pri:3, instance:TestCase.TC002_oneCognizant@1165b38]" started-at="2024-01-17T09:42:46 IST" name="test3" finished-at="2024-01-17T09:42:48 IST" duration-ms="2082" status="PASS">
          <reporter-output>
          </reporter-output>
        </test-method> <!-- test3 -->
        <test-method signature="test4()[pri:4, instance:TestCase.TC002_oneCognizant@1165b38]" started-at="2024-01-17T09:42:48 IST" name="test4" finished-at="2024-01-17T09:42:51 IST" duration-ms="2452" status="PASS">
          <reporter-output>
          </reporter-output>
        </test-method> <!-- test4 -->
        <test-method signature="test5()[pri:5, instance:TestCase.TC002_oneCognizant@1165b38]" started-at="2024-01-17T09:42:51 IST" name="test5" finished-at="2024-01-17T09:42:54 IST" duration-ms="2681" status="PASS">
          <reporter-output>
          </reporter-output>
        </test-method> <!-- test5 -->
        <test-method signature="test6()[pri:6, instance:TestCase.TC002_oneCognizant@1165b38]" started-at="2024-01-17T09:42:54 IST" name="test6" finished-at="2024-01-17T09:43:06 IST" duration-ms="12266" status="PASS">
          <reporter-output>
          </reporter-output>
        </test-method> <!-- test6 -->
        <test-method signature="test7()[pri:7, instance:TestCase.TC002_oneCognizant@1165b38]" started-at="2024-01-17T09:43:06 IST" name="test7" finished-at="2024-01-17T09:43:11 IST" duration-ms="5342" status="PASS">
          <reporter-output>
          </reporter-output>
        </test-method> <!-- test7 -->
        <test-method signature="test8()[pri:8, instance:TestCase.TC002_oneCognizant@1165b38]" started-at="2024-01-17T09:43:11 IST" name="test8" finished-at="2024-01-17T09:43:14 IST" duration-ms="3306" status="PASS">
          <reporter-output>
          </reporter-output>
        </test-method> <!-- test8 -->
        <test-method signature="test9()[pri:9, instance:TestCase.TC002_oneCognizant@1165b38]" started-at="2024-01-17T09:43:15 IST" name="test9" finished-at="2024-01-17T09:43:21 IST" duration-ms="6376" status="PASS">
          <reporter-output>
          </reporter-output>
        </test-method> <!-- test9 -->
        <test-method signature="test10()[pri:10, instance:TestCase.TC002_oneCognizant@1165b38]" started-at="2024-01-17T09:43:21 IST" name="test10" finished-at="2024-01-17T09:43:41 IST" duration-ms="20235" status="PASS">
          <reporter-output>
          </reporter-output>
        </test-method> <!-- test10 -->
        <test-method signature="test12()[pri:12, instance:TestCase.TC002_oneCognizant@1165b38]" started-at="2024-01-17T09:43:41 IST" name="test12" finished-at="2024-01-17T09:43:41 IST" duration-ms="144" status="PASS">
          <reporter-output>
          </reporter-output>
        </test-method> <!-- test12 -->
        <test-method signature="test13()[pri:13, instance:TestCase.TC002_oneCognizant@1165b38]" started-at="2024-01-17T09:43:41 IST" name="test13" finished-at="2024-01-17T09:43:47 IST" duration-ms="5711" status="PASS">
          <reporter-output>
          </reporter-output>
        </test-method> <!-- test13 -->
        <test-method signature="test14()[pri:14, instance:TestCase.TC002_oneCognizant@1165b38]" started-at="2024-01-17T09:43:47 IST" name="test14" finished-at="2024-01-17T09:43:52 IST" duration-ms="5354" status="PASS">
          <reporter-output>
          </reporter-output>
        </test-method> <!-- test14 -->
        <test-method signature="test15()[pri:15, instance:TestCase.TC002_oneCognizant@1165b38]" started-at="2024-01-17T09:43:52 IST" name="test15" finished-at="2024-01-17T09:43:53 IST" duration-ms="244" status="PASS">
          <reporter-output>
          </reporter-output>
        </test-method> <!-- test15 -->
        <test-method signature="test16()[pri:16, instance:TestCase.TC002_oneCognizant@1165b38]" started-at="2024-01-17T09:43:53 IST" name="test16" finished-at="2024-01-17T09:44:07 IST" duration-ms="14364" status="PASS">
          <reporter-output>
          </reporter-output>
        </test-method> <!-- test16 -->
        <test-method signature="test17()[pri:17, instance:TestCase.TC002_oneCognizant@1165b38]" started-at="2024-01-17T09:44:07 IST" name="test17" finished-at="2024-01-17T09:44:07 IST" duration-ms="70" status="PASS">
          <reporter-output>
          </reporter-output>
        </test-method> <!-- test17 -->
        <test-method signature="test18()[pri:18, instance:TestCase.TC002_oneCognizant@1165b38]" started-at="2024-01-17T09:44:07 IST" name="test18" finished-at="2024-01-17T09:44:16 IST" duration-ms="8567" status="PASS">
          <reporter-output>
          </reporter-output>
        </test-method> <!-- test18 -->
        <test-method is-config="true" signature="closeBrowser()[pri:0, instance:TestCase.TC002_oneCognizant@1165b38]" started-at="2024-01-17T09:44:16 IST" name="closeBrowser" finished-at="2024-01-17T09:44:17 IST" duration-ms="1210" status="PASS">
          <reporter-output>
          </reporter-output>
        </test-method> <!-- closeBrowser -->
      </class> <!-- TestCase.TC002_oneCognizant -->
    </test> <!-- Test -->
  </suite> <!-- Suite -->
</testng-results>
