<?xml version="1.0" encoding="UTF-8"?>
<testng-results ignored="0" total="17" passed="17" failed="0" skipped="0">
  <reporter-output>
  </reporter-output>
  <suite started-at="2024-01-17T17:38:33 IST" name="Suite" finished-at="2024-01-17T17:41:47 IST" duration-ms="193330">
    <groups>
    </groups>
    <test started-at="2024-01-17T17:38:33 IST" name="Test" finished-at="2024-01-17T17:41:47 IST" duration-ms="193330">
      <class name="TestCase.TC002_oneCognizant">
        <test-method is-config="true" signature="setUp()[pri:0, instance:TestCase.TC002_oneCognizant@1165b38]" started-at="2024-01-17T17:38:34 IST" name="setUp" finished-at="2024-01-17T17:39:12 IST" duration-ms="37493" status="PASS">
          <reporter-output>
          </reporter-output>
        </test-method> <!-- setUp -->
        <test-method signature="test1()[pri:1, instance:TestCase.TC002_oneCognizant@1165b38]" started-at="2024-01-17T17:39:12 IST" name="test1" finished-at="2024-01-17T17:39:19 IST" duration-ms="7119" status="PASS">
          <reporter-output>
          </reporter-output>
        </test-method> <!-- test1 -->
        <test-method signature="test2()[pri:2, instance:TestCase.TC002_oneCognizant@1165b38]" started-at="2024-01-17T17:39:19 IST" name="test2" finished-at="2024-01-17T17:39:20 IST" duration-ms="362" status="PASS">
          <reporter-output>
          </reporter-output>
        </test-method> <!-- test2 -->
        <test-method signature="test3()[pri:3, instance:TestCase.TC002_oneCognizant@1165b38]" started-at="2024-01-17T17:39:20 IST" name="test3" finished-at="2024-01-17T17:39:20 IST" duration-ms="333" status="PASS">
          <reporter-output>
          </reporter-output>
        </test-method> <!-- test3 -->
        <test-method signature="test4()[pri:4, instance:TestCase.TC002_oneCognizant@1165b38]" started-at="2024-01-17T17:39:20 IST" name="test4" finished-at="2024-01-17T17:39:20 IST" duration-ms="130" status="PASS">
          <reporter-output>
          </reporter-output>
        </test-method> <!-- test4 -->
        <test-method signature="test5()[pri:5, instance:TestCase.TC002_oneCognizant@1165b38]" started-at="2024-01-17T17:39:20 IST" name="test5" finished-at="2024-01-17T17:39:22 IST" duration-ms="2335" status="PASS">
          <reporter-output>
          </reporter-output>
        </test-method> <!-- test5 -->
        <test-method signature="test6()[pri:6, instance:TestCase.TC002_oneCognizant@1165b38]" started-at="2024-01-17T17:39:22 IST" name="test6" finished-at="2024-01-17T17:39:34 IST" duration-ms="11557" status="PASS">
          <reporter-output>
          </reporter-output>
        </test-method> <!-- test6 -->
        <test-method signature="test7()[pri:7, instance:TestCase.TC002_oneCognizant@1165b38]" started-at="2024-01-17T17:39:34 IST" name="test7" finished-at="2024-01-17T17:39:40 IST" duration-ms="5610" status="PASS">
          <reporter-output>
          </reporter-output>
        </test-method> <!-- test7 -->
        <test-method signature="test8()[pri:8, instance:TestCase.TC002_oneCognizant@1165b38]" started-at="2024-01-17T17:39:40 IST" name="test8" finished-at="2024-01-17T17:39:47 IST" duration-ms="7321" status="PASS">
          <reporter-output>
          </reporter-output>
        </test-method> <!-- test8 -->
        <test-method signature="test9()[pri:9, instance:TestCase.TC002_oneCognizant@1165b38]" started-at="2024-01-17T17:39:47 IST" name="test9" finished-at="2024-01-17T17:39:54 IST" duration-ms="6984" status="PASS">
          <reporter-output>
          </reporter-output>
        </test-method> <!-- test9 -->
        <test-method signature="test10()[pri:10, instance:TestCase.TC002_oneCognizant@1165b38]" started-at="2024-01-17T17:39:54 IST" name="test10" finished-at="2024-01-17T17:40:49 IST" duration-ms="55429" status="PASS">
          <reporter-output>
          </reporter-output>
        </test-method> <!-- test10 -->
        <test-method signature="test12()[pri:12, instance:TestCase.TC002_oneCognizant@1165b38]" started-at="2024-01-17T17:40:49 IST" name="test12" finished-at="2024-01-17T17:40:50 IST" duration-ms="319" status="PASS">
          <reporter-output>
          </reporter-output>
        </test-method> <!-- test12 -->
        <test-method signature="test13()[pri:13, instance:TestCase.TC002_oneCognizant@1165b38]" started-at="2024-01-17T17:40:50 IST" name="test13" finished-at="2024-01-17T17:40:56 IST" duration-ms="5807" status="PASS">
          <reporter-output>
          </reporter-output>
        </test-method> <!-- test13 -->
        <test-method signature="test14()[pri:14, instance:TestCase.TC002_oneCognizant@1165b38]" started-at="2024-01-17T17:40:56 IST" name="test14" finished-at="2024-01-17T17:41:01 IST" duration-ms="5540" status="PASS">
          <reporter-output>
          </reporter-output>
        </test-method> <!-- test14 -->
        <test-method signature="test15()[pri:15, instance:TestCase.TC002_oneCognizant@1165b38]" started-at="2024-01-17T17:41:01 IST" name="test15" finished-at="2024-01-17T17:41:02 IST" duration-ms="1070" status="PASS">
          <reporter-output>
          </reporter-output>
        </test-method> <!-- test15 -->
        <test-method signature="test16()[pri:16, instance:TestCase.TC002_oneCognizant@1165b38]" started-at="2024-01-17T17:41:02 IST" name="test16" finished-at="2024-01-17T17:41:32 IST" duration-ms="29693" status="PASS">
          <reporter-output>
          </reporter-output>
        </test-method> <!-- test16 -->
        <test-method signature="test17()[pri:17, instance:TestCase.TC002_oneCognizant@1165b38]" started-at="2024-01-17T17:41:32 IST" name="test17" finished-at="2024-01-17T17:41:32 IST" duration-ms="159" status="PASS">
          <reporter-output>
          </reporter-output>
        </test-method> <!-- test17 -->
        <test-method signature="test18()[pri:18, instance:TestCase.TC002_oneCognizant@1165b38]" started-at="2024-01-17T17:41:32 IST" name="test18" finished-at="2024-01-17T17:41:45 IST" duration-ms="13077" status="PASS">
          <reporter-output>
          </reporter-output>
        </test-method> <!-- test18 -->
        <test-method is-config="true" signature="closeBrowser()[pri:0, instance:TestCase.TC002_oneCognizant@1165b38]" started-at="2024-01-17T17:41:45 IST" name="closeBrowser" finished-at="2024-01-17T17:41:47 IST" duration-ms="1435" status="PASS">
          <reporter-output>
          </reporter-output>
        </test-method> <!-- closeBrowser -->
      </class> <!-- TestCase.TC002_oneCognizant -->
    </test> <!-- Test -->
  </suite> <!-- Suite -->
</testng-results>
